<!DOCTYPE html PUBLIC "-//W3C//DTD XHTML 1.1//EN" "https://www.w3.org/TR/xhtml11/DTD/xhtml11.dtd">
<html xmlns="https://www.w3.org/1999/xhtml">
<head>
<meta http-equiv="content-type" content="text/html; charset=UTF-8"/>
<title>TestNG Report</title>
<style type="text/css">table {margin-bottom:10px;border-collapse:collapse;empty-cells:show}th,td {border:1px solid #009;padding:.25em .5em}th {vertical-align:bottom}td {vertical-align:top}table a {font-weight:bold}.stripe td {background-color: #E6EBF9}.num {text-align:right}.passedodd td {background-color: #3F3}.passedeven td {background-color: #0A0}.skippedodd td {background-color: #DDD}.skippedeven td {background-color: #CCC}.failedodd td,.attn {background-color: #F33}.failedeven td,.stripe .attn {background-color: #D00}.stacktrace {white-space:pre;font-family:monospace}.totop {font-size:85%;text-align:center;border-bottom:2px solid #000}.invisible {display:none}</style>
</head>
<body>
<table>
<tr><th>Test</th><th># Passed</th><th># Skipped</th><th># Retried</th><th># Failed</th><th>Time (ms)</th><th>Included Groups</th><th>Excluded Groups</th></tr>
<tr><th colspan="8">Data Driven Test</th></tr>
<tr><td><a href="#t0">Sanity Test</a></td><td class="num">3</td><td class="num attn">10</td><td class="num">0</td><td class="num attn">2</td><td class="num">502,299</td><td></td><td></td></tr>
</table>
<table id='summary'><thead><tr><th>Class</th><th>Method</th><th>Start</th><th>Time (ms)</th></tr></thead><tbody><tr><th colspan="4">Data Driven Test</th></tr></tbody><tbody id="t0"><tr><th colspan="4">Sanity Test &#8212; failed</th></tr><tr class="failedeven"><td rowspan="2">testcases.SanityTest</td><td><a href="#m0">sanityTest</a></td><td rowspan="2">1664865324061</td><td rowspan="2">91081</td></tr><tr class="failedeven"><td><a href="#m1">sanityTest</a></td></tr><tr><th colspan="4">Sanity Test &#8212; skipped</th></tr><tr class="skippedeven"><td rowspan="10">testcases.SanityTest</td><td><a href="#m2">sanityTest</a></td><td rowspan="10">1664865108902</td><td rowspan="10">2015</td></tr><tr class="skippedeven"><td><a href="#m3">sanityTest</a></td></tr><tr class="skippedeven"><td><a href="#m4">sanityTest</a></td></tr><tr class="skippedeven"><td><a href="#m5">sanityTest</a></td></tr><tr class="skippedeven"><td><a href="#m6">sanityTest</a></td></tr><tr class="skippedeven"><td><a href="#m7">sanityTest</a></td></tr><tr class="skippedeven"><td><a href="#m8">sanityTest</a></td></tr><tr class="skippedeven"><td><a href="#m9">sanityTest</a></td></tr><tr class="skippedeven"><td><a href="#m10">sanityTest</a></td></tr><tr class="skippedeven"><td><a href="#m11">sanityTest</a></td></tr><tr><th colspan="4">Sanity Test &#8212; passed</th></tr><tr class="passedeven"><td rowspan="3">testcases.SanityTest</td><td><a href="#m12">sanityTest</a></td><td rowspan="3">1664865121045</td><td rowspan="3">101955</td></tr><tr class="passedeven"><td><a href="#m13">sanityTest</a></td></tr><tr class="passedeven"><td><a href="#m14">sanityTest</a></td></tr></tbody>
</table>
<h2>Sanity Test</h2><h3 id="m0">testcases.SanityTest#sanityTest</h3><table class="result"><tr class="param"><th>Parameter #1</th><th>Parameter #2</th><th>Parameter #3</th><th>Parameter #4</th><th>Parameter #5</th><th>Parameter #6</th></tr><tr class="param stripe"><td>Datapal MobilComm</td><td>https://datapal-hx.ie1.qa2b.affiniongroup.com/?source=0d45fzIFeiz988jywCckPg%3d%3d</td><td>chrome</td><td>CBELRSJ@billing.com</td><td>Password1</td><td>Y</td></tr><tr><th colspan="6">Messages</th></tr><tr><td colspan="6"><div class="messages"><a href=Tue_Oct_04_12_06_55_IST_2022.jpg target="_blank">Screenshot link</a><br/><br><br/><a href=Tue_Oct_04_12_06_55_IST_2022.jpg target="_blank"><img src=Tue_Oct_04_12_06_55_IST_2022.jpg height=200 width=200></a></div></td></tr><tr><th colspan="6">Exception</th></tr><tr><td colspan="6"><div class="stacktrace">org.openqa.selenium.NoSuchElementException: no such element: Unable to locate element: {&quot;method&quot;:&quot;css selector&quot;,&quot;selector&quot;:&quot;#UserName&quot;}
  (Session info: chrome=105.0.5195.127)
For documentation on this error, please visit: https://www.seleniumhq.org/exceptions/no_such_element.html
Build info: version: &apos;3.141.59&apos;, revision: &apos;e82be7d358&apos;, time: &apos;2018-11-14T08:17:03&apos;
System info: host: &apos;ISIPL-PUNV-L384&apos;, ip: &apos;192.168.0.101&apos;, os.name: &apos;Windows 10&apos;, os.arch: &apos;amd64&apos;, os.version: &apos;10.0&apos;, java.version: &apos;1.8.0_202&apos;
Driver info: org.openqa.selenium.chrome.ChromeDriver
Capabilities {acceptInsecureCerts: false, browserName: chrome, browserVersion: 105.0.5195.127, chrome: {chromedriverVersion: 105.0.5195.52 (412c95e51883..., userDataDir: C:\Users\VIKRAM~1\AppData\L...}, goog:chromeOptions: {debuggerAddress: localhost:60925}, javascriptEnabled: true, networkConnectionEnabled: false, pageLoadStrategy: normal, platform: WINDOWS, platformName: WINDOWS, proxy: Proxy(), setWindowRect: true, strictFileInteractability: false, timeouts: {implicit: 0, pageLoad: 300000, script: 30000}, unhandledPromptBehavior: dismiss and notify, webauthn:extension:credBlob: true, webauthn:extension:largeBlob: true, webauthn:virtualAuthenticators: true}
Session ID: 4db686e8f9ab1604b21d11da7dde23ad
*** Element info: {Using=id, value=UserName}
	at org.openqa.selenium.remote.http.W3CHttpResponseCodec.createException(W3CHttpResponseCodec.java:187)
	at org.openqa.selenium.remote.http.W3CHttpResponseCodec.decode(W3CHttpResponseCodec.java:122)
	at org.openqa.selenium.remote.http.W3CHttpResponseCodec.decode(W3CHttpResponseCodec.java:49)
	at org.openqa.selenium.remote.HttpCommandExecutor.execute(HttpCommandExecutor.java:158)
	at org.openqa.selenium.remote.service.DriverCommandExecutor.execute(DriverCommandExecutor.java:83)
	at org.openqa.selenium.remote.RemoteWebDriver.execute(RemoteWebDriver.java:552)
	at org.openqa.selenium.remote.RemoteWebDriver.findElement(RemoteWebDriver.java:323)
	at org.openqa.selenium.remote.RemoteWebDriver.findElementById(RemoteWebDriver.java:372)
	at org.openqa.selenium.By$ById.findElement(By.java:188)
	at org.openqa.selenium.remote.RemoteWebDriver.findElement(RemoteWebDriver.java:315)
	at org.openqa.selenium.support.pagefactory.DefaultElementLocator.findElement(DefaultElementLocator.java:69)
	at org.openqa.selenium.support.pagefactory.internal.LocatingElementHandler.invoke(LocatingElementHandler.java:38)
	at com.sun.proxy.$Proxy15.sendKeys(Unknown Source)
	at pages.UK.UK_AmericanExpressIdentityDefence.LogIn_Action(UK_AmericanExpressIdentityDefence.java:36)
	at testcases.SanityTest.sanityTest(SanityTest.java:289)
	at java.util.ArrayList.forEach(ArrayList.java:1257)
... Removed 31 stack frames</div></td></tr></table><p class="totop"><a href="#summary">back to summary</a></p>
<h3 id="m1">testcases.SanityTest#sanityTest</h3><table class="result"><tr class="param"><th>Parameter #1</th><th>Parameter #2</th><th>Parameter #3</th><th>Parameter #4</th><th>Parameter #5</th><th>Parameter #6</th></tr><tr class="param stripe"><td>Datapal 1.5</td><td>https://datapal-hx.ie1.qa2b.affiniongroup.com/?source=dOWpy%2beeQY3IYNaEhm0ALw%3d%3d</td><td>chrome</td><td>jeffry@gmail.com</td><td>Password1</td><td>Y</td></tr><tr><th colspan="6">Messages</th></tr><tr><td colspan="6"><div class="messages"><a href=Tue_Oct_04_12_05_22_IST_2022.jpg target="_blank">Screenshot link</a><br/><br><br/><a href=Tue_Oct_04_12_05_22_IST_2022.jpg target="_blank"><img src=Tue_Oct_04_12_05_22_IST_2022.jpg height=200 width=200></a></div></td></tr><tr><th colspan="6">Exception</th></tr><tr><td colspan="6"><div class="stacktrace">java.lang.AssertionError: expected [jeffry@gmail.com] but found [4009372791]
	at testcases.SanityTest.sanityTest(SanityTest.java:281)
	at java.util.ArrayList.forEach(ArrayList.java:1257)
... Removed 33 stack frames</div></td></tr></table><p class="totop"><a href="#summary">back to summary</a></p>
<h3 id="m2">testcases.SanityTest#sanityTest</h3><table class="result"><tr class="param"><th>Parameter #1</th><th>Parameter #2</th><th>Parameter #3</th><th>Parameter #4</th><th>Parameter #5</th><th>Parameter #6</th></tr><tr class="param stripe"><td>American Express Identity Defence</td><td>https://pguk-hx.ie1.qa2b.affiniongroup.com/?ref=UKAMXSTDFLT0001</td><td>chrome</td><td>MRY@gmail.com</td><td>Password1</td><td>N</td></tr><tr><th colspan="6">Exception</th></tr><tr><td colspan="6"><div class="stacktrace">org.testng.SkipException: Skipping the test as the run mode is NO
	at base.BaseTest.checkRunmode(BaseTest.java:117)
	at testcases.SanityTest.sanityTest(SanityTest.java:140)
	at java.util.ArrayList.forEach(ArrayList.java:1257)
... Removed 27 stack frames</div></td></tr></table><p class="totop"><a href="#summary">back to summary</a></p>
<h3 id="m3">testcases.SanityTest#sanityTest</h3><table class="result"><tr class="param"><th>Parameter #1</th><th>Parameter #2</th><th>Parameter #3</th><th>Parameter #4</th><th>Parameter #5</th><th>Parameter #6</th></tr><tr class="param stripe"><td>Ocioneo</td><td>https://ltes-hx.ie1.qa2b.affiniongroup.com/?source=ncNie%2b3qHvccnGjRAX0tQw%3d%3d</td><td>chrome</td><td>diptifff@gmail.com</td><td>Password1</td><td>N</td></tr><tr><th colspan="6">Exception</th></tr><tr><td colspan="6"><div class="stacktrace">org.testng.SkipException: Skipping the test as the run mode is NO
	at base.BaseTest.checkRunmode(BaseTest.java:117)
	at testcases.SanityTest.sanityTest(SanityTest.java:225)
	at java.util.ArrayList.forEach(ArrayList.java:1257)
... Removed 27 stack frames</div></td></tr></table><p class="totop"><a href="#summary">back to summary</a></p>
<h3 id="m4">testcases.SanityTest#sanityTest</h3><table class="result"><tr class="param"><th>Parameter #1</th><th>Parameter #2</th><th>Parameter #3</th><th>Parameter #4</th><th>Parameter #5</th><th>Parameter #6</th></tr><tr class="param stripe"><td>Privacy Guard UK</td><td>https://pguk-hx.ie1.qa2b.affiniongroup.com/?source=jC7IAYwrzsRyfyw34Q8u6w==</td><td>chrome</td><td>dipti100</td><td>Password1</td><td>N</td></tr><tr><th colspan="6">Exception</th></tr><tr><td colspan="6"><div class="stacktrace">org.testng.SkipException: Skipping the test as the run mode is NO
	at base.BaseTest.checkRunmode(BaseTest.java:117)
	at testcases.SanityTest.sanityTest(SanityTest.java:74)
	at java.util.ArrayList.forEach(ArrayList.java:1257)
... Removed 27 stack frames</div></td></tr></table><p class="totop"><a href="#summary">back to summary</a></p>
<h3 id="m5">testcases.SanityTest#sanityTest</h3><table class="result"><tr class="param"><th>Parameter #1</th><th>Parameter #2</th><th>Parameter #3</th><th>Parameter #4</th><th>Parameter #5</th><th>Parameter #6</th></tr><tr class="param stripe"><td>Identity Secure</td><td>https:///pguk-hx.ie1.qa2b.affiniongroup.com/?ref=UKLZ1STDFLT0002</td><td>chrome</td><td>diptipatel1608@gmail.com</td><td>Password1</td><td>N</td></tr><tr><th colspan="6">Exception</th></tr><tr><td colspan="6"><div class="stacktrace">org.testng.SkipException: Skipping the test as the run mode is NO
	at base.BaseTest.checkRunmode(BaseTest.java:117)
	at testcases.SanityTest.sanityTest(SanityTest.java:101)
	at java.util.ArrayList.forEach(ArrayList.java:1257)
... Removed 27 stack frames</div></td></tr></table><p class="totop"><a href="#summary">back to summary</a></p>
<h3 id="m6">testcases.SanityTest#sanityTest</h3><table class="result"><tr class="param"><th>Parameter #1</th><th>Parameter #2</th><th>Parameter #3</th><th>Parameter #4</th><th>Parameter #5</th><th>Parameter #6</th></tr><tr class="param stripe"><td>DisfrutayAhorra</td><td>https://ltes-hx.ie1.qa2b.affiniongroup.com/?source=SPAIHOMEPG0002</td><td>chrome</td><td> jonsyx@gmail.com</td><td>Password1</td><td>N</td></tr><tr><th colspan="6">Exception</th></tr><tr><td colspan="6"><div class="stacktrace">org.testng.SkipException: Skipping the test as the run mode is NO
	at base.BaseTest.checkRunmode(BaseTest.java:117)
	at testcases.SanityTest.sanityTest(SanityTest.java:237)
	at java.util.ArrayList.forEach(ArrayList.java:1257)
... Removed 27 stack frames</div></td></tr></table><p class="totop"><a href="#summary">back to summary</a></p>
<h3 id="m7">testcases.SanityTest#sanityTest</h3><table class="result"><tr class="param"><th>Parameter #1</th><th>Parameter #2</th><th>Parameter #3</th><th>Parameter #4</th><th>Parameter #5</th><th>Parameter #6</th></tr><tr class="param stripe"><td>(Vanquis) Credit Tracker Identiy</td><td>https://pguk-hx.ie1.qa2b.affiniongroup.com/?source=OnSaHXM7BvXQ6mD37Zu3yQ==</td><td>chrome</td><td>ssltest@gmail.com</td><td>Password1</td><td>N</td></tr><tr><th colspan="6">Exception</th></tr><tr><td colspan="6"><div class="stacktrace">org.testng.SkipException: Skipping the test as the run mode is NO
	at base.BaseTest.checkRunmode(BaseTest.java:117)
	at testcases.SanityTest.sanityTest(SanityTest.java:114)
	at java.util.ArrayList.forEach(ArrayList.java:1257)
... Removed 27 stack frames</div></td></tr></table><p class="totop"><a href="#summary">back to summary</a></p>
<h3 id="m8">testcases.SanityTest#sanityTest</h3><table class="result"><tr class="param"><th>Parameter #1</th><th>Parameter #2</th><th>Parameter #3</th><th>Parameter #4</th><th>Parameter #5</th><th>Parameter #6</th></tr><tr class="param stripe"><td>Manage my credit</td><td>https://pguk-hx.ie1.qa2b.affiniongroup.com/?ref=UKAIHOMEPG0026</td><td>chrome</td><td>luke.emery@affinioninternational.com</td><td>Testing1</td><td>N</td></tr><tr><th colspan="6">Exception</th></tr><tr><td colspan="6"><div class="stacktrace">org.testng.SkipException: Skipping the test as the run mode is NO
	at base.BaseTest.checkRunmode(BaseTest.java:117)
	at testcases.SanityTest.sanityTest(SanityTest.java:87)
	at java.util.ArrayList.forEach(ArrayList.java:1257)
... Removed 27 stack frames</div></td></tr></table><p class="totop"><a href="#summary">back to summary</a></p>
<h3 id="m9">testcases.SanityTest#sanityTest</h3><table class="result"><tr class="param"><th>Parameter #1</th><th>Parameter #2</th><th>Parameter #3</th><th>Parameter #4</th><th>Parameter #5</th><th>Parameter #6</th></tr><tr class="param stripe"><td>My Credit Tracker</td><td>https://pguk-hx.ie1.qa2b.affiniongroup.com/?ref=UKGENSTDFLT0002</td><td>chrome</td><td>jennystork@gmail.com</td><td>Password1</td><td>N</td></tr><tr><th colspan="6">Exception</th></tr><tr><td colspan="6"><div class="stacktrace">org.testng.SkipException: Skipping the test as the run mode is NO
	at base.BaseTest.checkRunmode(BaseTest.java:117)
	at testcases.SanityTest.sanityTest(SanityTest.java:127)
	at java.util.ArrayList.forEach(ArrayList.java:1257)
... Removed 27 stack frames</div></td></tr></table><p class="totop"><a href="#summary">back to summary</a></p>
<h3 id="m10">testcases.SanityTest#sanityTest</h3><table class="result"><tr class="param"><th>Parameter #1</th><th>Parameter #2</th><th>Parameter #3</th><th>Parameter #4</th><th>Parameter #5</th><th>Parameter #6</th></tr><tr class="param stripe"><td>SENTINELGOLD</td><td>https://pcpai2-hx.ie1.qa2b.affiniongroup.com/?ref=UKGENHOMEPG0002</td><td>chrome</td><td>excapone</td><td>Password1</td><td>N</td></tr><tr><th colspan="6">Exception</th></tr><tr><td colspan="6"><div class="stacktrace">org.testng.SkipException: Skipping the test as the run mode is NO
	at base.BaseTest.checkRunmode(BaseTest.java:117)
	at testcases.SanityTest.sanityTest(SanityTest.java:165)
	at java.util.ArrayList.forEach(ArrayList.java:1257)
... Removed 27 stack frames</div></td></tr></table><p class="totop"><a href="#summary">back to summary</a></p>
<h3 id="m11">testcases.SanityTest#sanityTest</h3><table class="result"><tr class="param"><th>Parameter #1</th><th>Parameter #2</th><th>Parameter #3</th><th>Parameter #4</th><th>Parameter #5</th><th>Parameter #6</th></tr><tr class="param stripe"><td>Datapal Full UK</td><td>https://datapal-hx.ie1.qa2b.affiniongroup.com/?source=RyFRURvtWDMfB2zmae1yYA</td><td>chrome</td><td>dipti100@gmail.com</td><td>Password1</td><td>N</td></tr><tr><th colspan="6">Exception</th></tr><tr><td colspan="6"><div class="stacktrace">org.testng.SkipException: Skipping the test as the run mode is NO
	at base.BaseTest.checkRunmode(BaseTest.java:117)
	at testcases.SanityTest.sanityTest(SanityTest.java:153)
	at java.util.ArrayList.forEach(ArrayList.java:1257)
... Removed 27 stack frames</div></td></tr></table><p class="totop"><a href="#summary">back to summary</a></p>
<h3 id="m12">testcases.SanityTest#sanityTest</h3><table class="result"><tr class="param"><th>Parameter #1</th><th>Parameter #2</th><th>Parameter #3</th><th>Parameter #4</th><th>Parameter #5</th><th>Parameter #6</th></tr><tr class="param stripe"><td>Uniqa</td><td>https://datapal-hx.ie1.qa2b.affiniongroup.com/?source=5pMjpH9vUrCEH3Pzz7h3pw%3d%3d</td><td>chrome</td><td>virtusa200@gmail.com</td><td>Password1</td><td>Y</td></tr></table><p class="totop"><a href="#summary">back to summary</a></p>
<h3 id="m13">testcases.SanityTest#sanityTest</h3><table class="result"><tr class="param"><th>Parameter #1</th><th>Parameter #2</th><th>Parameter #3</th><th>Parameter #4</th><th>Parameter #5</th><th>Parameter #6</th></tr><tr class="param stripe"><td>My Credit Monitor</td><td>https://pguk-hx.ie1.qa2b.affiniongroup.com/?source=rqkQ2GTcaKt64j+2BMdssg</td><td>chrome</td><td>dpatel@tavisca.com</td><td>Password1</td><td>Y</td></tr></table><p class="totop"><a href="#summary">back to summary</a></p>
<h3 id="m14">testcases.SanityTest#sanityTest</h3><table class="result"><tr class="param"><th>Parameter #1</th><th>Parameter #2</th><th>Parameter #3</th><th>Parameter #4</th><th>Parameter #5</th><th>Parameter #6</th></tr><tr class="param stripe"><td>Disfrutamaspormenos (Leisure_Time)

</td><td>https://ltes-hx.ie1.qa2b.affiniongroup.com/?source=lPtTb0tIj/GNbW/U6munzg==</td><td>chrome</td><td>virtusa21@gmail.com</td><td>Password1</td><td>Y</td></tr></table><p class="totop"><a href="#summary">back to summary</a></p>
</body>
</html>
