<!DOCTYPE html>

<html>
  <head>
  <meta charset='utf-8'>
  <title>TestNG reports</title>

    <link type="text/css" href="testng-reports1.css" rel="stylesheet" id="ultra" />
    <link type="text/css" href="testng-reports.css" rel="stylesheet" id="retro" disabled="false"/>
    <script type="text/javascript" src="jquery.min.js"></script>
    <script type="text/javascript" src="testng-reports.js"></script>
    <script type="text/javascript" src="https://www.google.com/jsapi"></script>
    <script type='text/javascript'>
      google.load('visualization', '1', {packages:['table']});
      google.setOnLoadCallback(drawTable);
      var suiteTableInitFunctions = new Array();
      var suiteTableData = new Array();
    </script>
    <!--
      <script type="text/javascript" src="jquery-ui/js/jquery-ui-1.8.16.custom.min.js"></script>
     -->
  </head>

  <body>
    <div class="top-banner-root">
      <span class="top-banner-title-font">Test results</span>
      <button id="button" class="button">Switch Retro Theme</button> <!-- button -->
      <br/>
      <span class="top-banner-font-1">1 suite, 1 failed test</span>
    </div> <!-- top-banner-root -->
    <div class="navigator-root">
      <div class="navigator-suite-header">
        <span>All suites</span>
        <a href="#" title="Collapse/expand all the suites" class="collapse-all-link">
          <img src="collapseall.gif" class="collapse-all-icon">
          </img> <!-- collapse-all-icon -->
        </a> <!-- collapse-all-link -->
      </div> <!-- navigator-suite-header -->
      <div class="suite">
        <div class="rounded-window">
          <div class="suite-header light-rounded-window-top">
            <a href="#" panel-name="suite-Data_Driven_Test" class="navigator-link">
              <span class="suite-name border-failed">Data Driven Test</span>
            </a> <!-- navigator-link -->
          </div> <!-- suite-header light-rounded-window-top -->
          <div class="navigator-suite-content">
            <div class="suite-section-title">
              <span>Info</span>
            </div> <!-- suite-section-title -->
            <div class="suite-section-content">
              <ul>
                <li>
                  <a href="#" panel-name="test-xml-Data_Driven_Test" class="navigator-link ">
                    <span>C:\HelixProj\src\test\resources\runner\testng.xml</span>
                  </a> <!-- navigator-link  -->
                </li>
                <li>
                  <a href="#" panel-name="testlist-Data_Driven_Test" class="navigator-link ">
                    <span class="test-stats">1 test</span>
                  </a> <!-- navigator-link  -->
                </li>
                <li>
                  <a href="#" panel-name="group-Data_Driven_Test" class="navigator-link ">
                    <span>0 groups</span>
                  </a> <!-- navigator-link  -->
                </li>
                <li>
                  <a href="#" panel-name="times-Data_Driven_Test" class="navigator-link ">
                    <span>Times</span>
                  </a> <!-- navigator-link  -->
                </li>
                <li>
                  <a href="#" panel-name="reporter-Data_Driven_Test" class="navigator-link ">
                    <span>Reporter output</span>
                  </a> <!-- navigator-link  -->
                </li>
                <li>
                  <a href="#" panel-name="ignored-methods-Data_Driven_Test" class="navigator-link ">
                    <span>Ignored methods</span>
                  </a> <!-- navigator-link  -->
                </li>
                <li>
                  <a href="#" panel-name="chronological-Data_Driven_Test" class="navigator-link ">
                    <span>Chronological view</span>
                  </a> <!-- navigator-link  -->
                </li>
              </ul>
            </div> <!-- suite-section-content -->
            <div class="result-section">
              <div class="suite-section-title">
                <span>Results</span>
              </div> <!-- suite-section-title -->
              <div class="suite-section-content">
                <ul>
                  <li>
                    <span class="method-stats">15 methods, 1 failed,  12 skipped,  2 passed</span>
                  </li>
                  <li>
                    <span class="method-list-title failed">Failed methods</span>
                    <span class="show-or-hide-methods failed">
                      <a href="#" panel-name="suite-Data_Driven_Test" class="hide-methods failed suite-Data_Driven_Test"> (hide)</a> <!-- hide-methods failed suite-Data_Driven_Test -->
                      <a href="#" panel-name="suite-Data_Driven_Test" class="show-methods failed suite-Data_Driven_Test"> (show)</a> <!-- show-methods failed suite-Data_Driven_Test -->
                    </span>
                    <div class="method-list-content failed suite-Data_Driven_Test">
                      <span>
                        <img src="failed.png" width="3%"/>
                        <a href="#" panel-name="suite-Data_Driven_Test" title="testcases.SanityTest" class="method navigator-link" hash-for-method="sanityTest(Datapal 1.5, https://datapal-hx.ie1.qa2b.affiniongroup.com/?source=dOWpy%2beeQY3IYNaEhm0ALw%3d%3d, c...)">sanityTest(Datapal 1.5, https://datapal-hx.ie1.qa2b.affiniongroup.com/?source=dOWpy%2beeQY3IYNaEhm0ALw%3d%3d, c...)</a> <!-- method navigator-link -->
                      </span>
                      <br/>
                    </div> <!-- method-list-content failed suite-Data_Driven_Test -->
                  </li>
                  <li>
                    <span class="method-list-title skipped">Skipped methods</span>
                    <span class="show-or-hide-methods skipped">
                      <a href="#" panel-name="suite-Data_Driven_Test" class="hide-methods skipped suite-Data_Driven_Test"> (hide)</a> <!-- hide-methods skipped suite-Data_Driven_Test -->
                      <a href="#" panel-name="suite-Data_Driven_Test" class="show-methods skipped suite-Data_Driven_Test"> (show)</a> <!-- show-methods skipped suite-Data_Driven_Test -->
                    </span>
                    <div class="method-list-content skipped suite-Data_Driven_Test">
                      <span>
                        <img src="skipped.png" width="3%"/>
                        <a href="#" panel-name="suite-Data_Driven_Test" title="testcases.SanityTest" class="method navigator-link" hash-for-method="sanityTest(Privacy Guard UK, https://pguk-hx.ie1.qa2b.affiniongroup.com/?source=jC7IAYwrzsRyfyw34Q8u6w==, chrom...)">sanityTest(Privacy Guard UK, https://pguk-hx.ie1.qa2b.affiniongroup.com/?source=jC7IAYwrzsRyfyw34Q8u6w==, chrom...)</a> <!-- method navigator-link -->
                      </span>
                      <br/>
                      <span>
                        <img src="skipped.png" width="3%"/>
                        <a href="#" panel-name="suite-Data_Driven_Test" title="testcases.SanityTest" class="method navigator-link" hash-for-method="sanityTest(SENTINELGOLD, https://pcpai2-hx.ie1.qa2b.affiniongroup.com/?ref=UKGENHOMEPG0002, chrome, excapone, P...)">sanityTest(SENTINELGOLD, https://pcpai2-hx.ie1.qa2b.affiniongroup.com/?ref=UKGENHOMEPG0002, chrome, excapone, P...)</a> <!-- method navigator-link -->
                      </span>
                      <br/>
                      <span>
                        <img src="skipped.png" width="3%"/>
                        <a href="#" panel-name="suite-Data_Driven_Test" title="testcases.SanityTest" class="method navigator-link" hash-for-method="sanityTest(Uniqa, https://datapal-hx.ie1.qa2b.affiniongroup.com/?source=5pMjpH9vUrCEH3Pzz7h3pw%3d%3d, chrome, v...)">sanityTest(Uniqa, https://datapal-hx.ie1.qa2b.affiniongroup.com/?source=5pMjpH9vUrCEH3Pzz7h3pw%3d%3d, chrome, v...)</a> <!-- method navigator-link -->
                      </span>
                      <br/>
                      <span>
                        <img src="skipped.png" width="3%"/>
                        <a href="#" panel-name="suite-Data_Driven_Test" title="testcases.SanityTest" class="method navigator-link" hash-for-method="sanityTest(Datapal MobilComm, https://datapal-hx.ie1.qa2b.affiniongroup.com/?source=0d45fzIFeiz988jywCckPg%3d%3...)">sanityTest(Datapal MobilComm, https://datapal-hx.ie1.qa2b.affiniongroup.com/?source=0d45fzIFeiz988jywCckPg%3d%3...)</a> <!-- method navigator-link -->
                      </span>
                      <br/>
                      <span>
                        <img src="skipped.png" width="3%"/>
                        <a href="#" panel-name="suite-Data_Driven_Test" title="testcases.SanityTest" class="method navigator-link" hash-for-method="sanityTest(American Express Identity Defence, https://pguk-hx.ie1.qa2b.affiniongroup.com/?ref=UKAMXSTDFLT0001, ...)">sanityTest(American Express Identity Defence, https://pguk-hx.ie1.qa2b.affiniongroup.com/?ref=UKAMXSTDFLT0001, ...)</a> <!-- method navigator-link -->
                      </span>
                      <br/>
                      <span>
                        <img src="skipped.png" width="3%"/>
                        <a href="#" panel-name="suite-Data_Driven_Test" title="testcases.SanityTest" class="method navigator-link" hash-for-method="sanityTest(Datapal Full UK, https://datapal-hx.ie1.qa2b.affiniongroup.com/?source=RyFRURvtWDMfB2zmae1yYA, chrom...)">sanityTest(Datapal Full UK, https://datapal-hx.ie1.qa2b.affiniongroup.com/?source=RyFRURvtWDMfB2zmae1yYA, chrom...)</a> <!-- method navigator-link -->
                      </span>
                      <br/>
                      <span>
                        <img src="skipped.png" width="3%"/>
                        <a href="#" panel-name="suite-Data_Driven_Test" title="testcases.SanityTest" class="method navigator-link" hash-for-method="sanityTest(Manage my credit, https://pguk-hx.ie1.qa2b.affiniongroup.com/?ref=UKAIHOMEPG0026, chrome, luke.emery...)">sanityTest(Manage my credit, https://pguk-hx.ie1.qa2b.affiniongroup.com/?ref=UKAIHOMEPG0026, chrome, luke.emery...)</a> <!-- method navigator-link -->
                      </span>
                      <br/>
                      <span>
                        <img src="skipped.png" width="3%"/>
                        <a href="#" panel-name="suite-Data_Driven_Test" title="testcases.SanityTest" class="method navigator-link" hash-for-method="sanityTest(Ocioneo, https://ltes-hx.ie1.qa2b.affiniongroup.com/?source=ncNie%2b3qHvccnGjRAX0tQw%3d%3d, chrome, ...)">sanityTest(Ocioneo, https://ltes-hx.ie1.qa2b.affiniongroup.com/?source=ncNie%2b3qHvccnGjRAX0tQw%3d%3d, chrome, ...)</a> <!-- method navigator-link -->
                      </span>
                      <br/>
                      <span>
                        <img src="skipped.png" width="3%"/>
                        <a href="#" panel-name="suite-Data_Driven_Test" title="testcases.SanityTest" class="method navigator-link" hash-for-method="sanityTest((Vanquis) Credit Tracker Identiy, https://pguk-hx.ie1.qa2b.affiniongroup.com/?source=OnSaHXM7BvXQ6mD...)">sanityTest((Vanquis) Credit Tracker Identiy, https://pguk-hx.ie1.qa2b.affiniongroup.com/?source=OnSaHXM7BvXQ6mD...)</a> <!-- method navigator-link -->
                      </span>
                      <br/>
                      <span>
                        <img src="skipped.png" width="3%"/>
                        <a href="#" panel-name="suite-Data_Driven_Test" title="testcases.SanityTest" class="method navigator-link" hash-for-method="sanityTest(My Credit Tracker, https://pguk-hx.ie1.qa2b.affiniongroup.com/?ref=UKGENSTDFLT0002, chrome, jennysto...)">sanityTest(My Credit Tracker, https://pguk-hx.ie1.qa2b.affiniongroup.com/?ref=UKGENSTDFLT0002, chrome, jennysto...)</a> <!-- method navigator-link -->
                      </span>
                      <br/>
                      <span>
                        <img src="skipped.png" width="3%"/>
                        <a href="#" panel-name="suite-Data_Driven_Test" title="testcases.SanityTest" class="method navigator-link" hash-for-method="sanityTest(Identity Secure, https:///pguk-hx.ie1.qa2b.affiniongroup.com/?ref=UKLZ1STDFLT0002, chrome, diptipate...)">sanityTest(Identity Secure, https:///pguk-hx.ie1.qa2b.affiniongroup.com/?ref=UKLZ1STDFLT0002, chrome, diptipate...)</a> <!-- method navigator-link -->
                      </span>
                      <br/>
                      <span>
                        <img src="skipped.png" width="3%"/>
                        <a href="#" panel-name="suite-Data_Driven_Test" title="testcases.SanityTest" class="method navigator-link" hash-for-method="sanityTest(DisfrutayAhorra, https://ltes-hx.ie1.qa2b.affiniongroup.com/?source=SPAIHOMEPG0002, chrome,  jonsyx@...)">sanityTest(DisfrutayAhorra, https://ltes-hx.ie1.qa2b.affiniongroup.com/?source=SPAIHOMEPG0002, chrome,  jonsyx@...)</a> <!-- method navigator-link -->
                      </span>
                      <br/>
                    </div> <!-- method-list-content skipped suite-Data_Driven_Test -->
                  </li>
                  <li>
                    <span class="method-list-title passed">Passed methods</span>
                    <span class="show-or-hide-methods passed">
                      <a href="#" panel-name="suite-Data_Driven_Test" class="hide-methods passed suite-Data_Driven_Test"> (hide)</a> <!-- hide-methods passed suite-Data_Driven_Test -->
                      <a href="#" panel-name="suite-Data_Driven_Test" class="show-methods passed suite-Data_Driven_Test"> (show)</a> <!-- show-methods passed suite-Data_Driven_Test -->
                    </span>
                    <div class="method-list-content passed suite-Data_Driven_Test">
                      <span>
                        <img src="passed.png" width="3%"/>
                        <a href="#" panel-name="suite-Data_Driven_Test" title="testcases.SanityTest" class="method navigator-link" hash-for-method="sanityTest(My Credit Monitor, https://pguk-hx.ie1.qa2b.affiniongroup.com/?source=rqkQ2GTcaKt64j+2BMdssg, chrome...)">sanityTest(My Credit Monitor, https://pguk-hx.ie1.qa2b.affiniongroup.com/?source=rqkQ2GTcaKt64j+2BMdssg, chrome...)</a> <!-- method navigator-link -->
                      </span>
                      <br/>
                      <span>
                        <img src="passed.png" width="3%"/>
                        <a href="#" panel-name="suite-Data_Driven_Test" title="testcases.SanityTest" class="method navigator-link" hash-for-method="sanityTest(Disfrutamaspormenos (Leisure_Time)

, https://ltes-hx.ie1.qa2b.affiniongroup.com/?source=lPtTb0tIj/G...)">sanityTest(Disfrutamaspormenos (Leisure_Time)

, https://ltes-hx.ie1.qa2b.affiniongroup.com/?source=lPtTb0tIj/G...)</a> <!-- method navigator-link -->
                      </span>
                      <br/>
                    </div> <!-- method-list-content passed suite-Data_Driven_Test -->
                  </li>
                </ul>
              </div> <!-- suite-section-content -->
            </div> <!-- result-section -->
          </div> <!-- navigator-suite-content -->
        </div> <!-- rounded-window -->
      </div> <!-- suite -->
    </div> <!-- navigator-root -->
    <div class="wrapper">
      <div class="main-panel-root">
        <div panel-name="suite-Data_Driven_Test" class="panel Data_Driven_Test">
          <div class="suite-Data_Driven_Test-class-failed">
            <div class="main-panel-header rounded-window-top">
              <img src="failed.png"/>
              <span class="class-name">testcases.SanityTest</span>
            </div> <!-- main-panel-header rounded-window-top -->
            <div class="main-panel-content rounded-window-bottom">
              <div class="method">
                <div class="method-content">
                  <a name="sanityTest(Datapal 1.5, https://datapal-hx.ie1.qa2b.affiniongroup.com/?source=dOWpy%2beeQY3IYNaEhm0ALw%3d%3d, c...)">
                  </a> <!-- sanityTest(Datapal 1.5, https://datapal-hx.ie1.qa2b.affiniongroup.com/?source=dOWpy%2beeQY3IYNaEhm0ALw%3d%3d, c...) -->
                  <span class="method-name">sanityTest</span>
                  <span class="parameters">(Datapal 1.5, https://datapal-hx.ie1.qa2b.affiniongroup.com/?source=dOWpy%2beeQY3IYNaEhm0ALw%3d%3d, chrome, jeffry@gmail.com, Password1, Y)</span>
                  <div class="stack-trace">org.openqa.selenium.NoSuchElementException: no such element: Unable to locate element: {&quot;method&quot;:&quot;css selector&quot;,&quot;selector&quot;:&quot;pull-right &gt; a:nth-of-type(1)&quot;}
  (Session info: chrome=106.0.5249.91)
For documentation on this error, please visit: https://www.seleniumhq.org/exceptions/no_such_element.html
Build info: version: &apos;3.141.59&apos;, revision: &apos;e82be7d358&apos;, time: &apos;2018-11-14T08:17:03&apos;
System info: host: &apos;ISIPL-PUNV-L221&apos;, ip: &apos;192.168.0.103&apos;, os.name: &apos;Windows 10&apos;, os.arch: &apos;amd64&apos;, os.version: &apos;10.0&apos;, java.version: &apos;18.0.1&apos;
Driver info: org.openqa.selenium.chrome.ChromeDriver
Capabilities {acceptInsecureCerts: false, browserName: chrome, browserVersion: 106.0.5249.91, chrome: {chromedriverVersion: 105.0.5195.52 (412c95e51883..., userDataDir: C:\Users\SHREYA~1\AppData\L...}, goog:chromeOptions: {debuggerAddress: localhost:64874}, javascriptEnabled: true, networkConnectionEnabled: false, pageLoadStrategy: normal, platform: WINDOWS, platformName: WINDOWS, proxy: Proxy(), setWindowRect: true, strictFileInteractability: false, timeouts: {implicit: 0, pageLoad: 300000, script: 30000}, unhandledPromptBehavior: dismiss and notify, webauthn:extension:credBlob: true, webauthn:extension:largeBlob: true, webauthn:virtualAuthenticators: true}
Session ID: 599d227b97a15bacd59088e3f41e3685
*** Element info: {Using=css selector, value=pull-right &gt; a:nth-of-type(1)}
	at org.openqa.selenium.remote.http.W3CHttpResponseCodec.createException(W3CHttpResponseCodec.java:187)
	at org.openqa.selenium.remote.http.W3CHttpResponseCodec.decode(W3CHttpResponseCodec.java:122)
	at org.openqa.selenium.remote.http.W3CHttpResponseCodec.decode(W3CHttpResponseCodec.java:49)
	at org.openqa.selenium.remote.HttpCommandExecutor.execute(HttpCommandExecutor.java:158)
	at org.openqa.selenium.remote.service.DriverCommandExecutor.execute(DriverCommandExecutor.java:83)
	at org.openqa.selenium.remote.RemoteWebDriver.execute(RemoteWebDriver.java:552)
	at org.openqa.selenium.remote.RemoteWebDriver.findElement(RemoteWebDriver.java:323)
	at org.openqa.selenium.remote.RemoteWebDriver.findElementByCssSelector(RemoteWebDriver.java:420)
	at org.openqa.selenium.By$ByCssSelector.findElement(By.java:431)
	at org.openqa.selenium.remote.RemoteWebDriver.findElement(RemoteWebDriver.java:315)
	at org.openqa.selenium.support.pagefactory.DefaultElementLocator.findElement(DefaultElementLocator.java:69)
	at org.openqa.selenium.support.pagefactory.internal.LocatingElementHandler.invoke(LocatingElementHandler.java:38)
	at jdk.proxy2/jdk.proxy2.$Proxy19.click(Unknown Source)
	at pages.DE.DE_Datapal1_5.openMyaccount(DE_Datapal1_5.java:42)
	at testcases.SanityTest.sanityTest(SanityTest.java:279)
	at java.base/java.util.ArrayList.forEach(ArrayList.java:1511)
... Removed 28 stack frames
</div> <!-- stack-trace -->
                </div> <!-- method-content -->
              </div> <!-- method -->
            </div> <!-- main-panel-content rounded-window-bottom -->
          </div> <!-- suite-Data_Driven_Test-class-failed -->
          <div class="suite-Data_Driven_Test-class-skipped">
            <div class="main-panel-header rounded-window-top">
              <img src="skipped.png"/>
              <span class="class-name">testcases.SanityTest</span>
            </div> <!-- main-panel-header rounded-window-top -->
            <div class="main-panel-content rounded-window-bottom">
              <div class="method">
                <div class="method-content">
                  <a name="sanityTest(Privacy Guard UK, https://pguk-hx.ie1.qa2b.affiniongroup.com/?source=jC7IAYwrzsRyfyw34Q8u6w==, chrom...)">
                  </a> <!-- sanityTest(Privacy Guard UK, https://pguk-hx.ie1.qa2b.affiniongroup.com/?source=jC7IAYwrzsRyfyw34Q8u6w==, chrom...) -->
                  <span class="method-name">sanityTest</span>
                  <span class="parameters">(Privacy Guard UK, https://pguk-hx.ie1.qa2b.affiniongroup.com/?source=jC7IAYwrzsRyfyw34Q8u6w==, chrome, dipti100, Password1, N)</span>
                  <div class="stack-trace">org.testng.SkipException: Skipping the test as the run mode is NO
	at base.BaseTest.checkRunmode(BaseTest.java:117)
	at testcases.SanityTest.sanityTest(SanityTest.java:74)
	at java.base/java.util.ArrayList.forEach(ArrayList.java:1511)
... Removed 25 stack frames
</div> <!-- stack-trace -->
                </div> <!-- method-content -->
              </div> <!-- method -->
              <div class="method">
                <div class="method-content">
                  <a name="sanityTest(SENTINELGOLD, https://pcpai2-hx.ie1.qa2b.affiniongroup.com/?ref=UKGENHOMEPG0002, chrome, excapone, P...)">
                  </a> <!-- sanityTest(SENTINELGOLD, https://pcpai2-hx.ie1.qa2b.affiniongroup.com/?ref=UKGENHOMEPG0002, chrome, excapone, P...) -->
                  <span class="method-name">sanityTest</span>
                  <span class="parameters">(SENTINELGOLD, https://pcpai2-hx.ie1.qa2b.affiniongroup.com/?ref=UKGENHOMEPG0002, chrome, excapone, Password1, N)</span>
                  <div class="stack-trace">org.testng.SkipException: Skipping the test as the run mode is NO
	at base.BaseTest.checkRunmode(BaseTest.java:117)
	at testcases.SanityTest.sanityTest(SanityTest.java:165)
	at java.base/java.util.ArrayList.forEach(ArrayList.java:1511)
... Removed 25 stack frames
</div> <!-- stack-trace -->
                </div> <!-- method-content -->
              </div> <!-- method -->
              <div class="method">
                <div class="method-content">
                  <a name="sanityTest(Uniqa, https://datapal-hx.ie1.qa2b.affiniongroup.com/?source=5pMjpH9vUrCEH3Pzz7h3pw%3d%3d, chrome, v...)">
                  </a> <!-- sanityTest(Uniqa, https://datapal-hx.ie1.qa2b.affiniongroup.com/?source=5pMjpH9vUrCEH3Pzz7h3pw%3d%3d, chrome, v...) -->
                  <span class="method-name">sanityTest</span>
                  <span class="parameters">(Uniqa, https://datapal-hx.ie1.qa2b.affiniongroup.com/?source=5pMjpH9vUrCEH3Pzz7h3pw%3d%3d, chrome, virtusa200@gmail.com, Password1, N)</span>
                  <div class="stack-trace">org.testng.SkipException: Skipping the test as the run mode is NO
	at base.BaseTest.checkRunmode(BaseTest.java:117)
	at testcases.SanityTest.sanityTest(SanityTest.java:261)
	at java.base/java.util.ArrayList.forEach(ArrayList.java:1511)
... Removed 25 stack frames
</div> <!-- stack-trace -->
                </div> <!-- method-content -->
              </div> <!-- method -->
              <div class="method">
                <div class="method-content">
                  <a name="sanityTest(Datapal MobilComm, https://datapal-hx.ie1.qa2b.affiniongroup.com/?source=0d45fzIFeiz988jywCckPg%3d%3...)">
                  </a> <!-- sanityTest(Datapal MobilComm, https://datapal-hx.ie1.qa2b.affiniongroup.com/?source=0d45fzIFeiz988jywCckPg%3d%3...) -->
                  <span class="method-name">sanityTest</span>
                  <span class="parameters">(Datapal MobilComm, https://datapal-hx.ie1.qa2b.affiniongroup.com/?source=0d45fzIFeiz988jywCckPg%3d%3d, chrome, CBELRSJ@billing.com, Password1, N)</span>
                  <div class="stack-trace">org.testng.SkipException: Skipping the test as the run mode is NO
	at base.BaseTest.checkRunmode(BaseTest.java:117)
	at testcases.SanityTest.sanityTest(SanityTest.java:285)
	at java.base/java.util.ArrayList.forEach(ArrayList.java:1511)
... Removed 25 stack frames
</div> <!-- stack-trace -->
                </div> <!-- method-content -->
              </div> <!-- method -->
              <div class="method">
                <div class="method-content">
                  <a name="sanityTest(American Express Identity Defence, https://pguk-hx.ie1.qa2b.affiniongroup.com/?ref=UKAMXSTDFLT0001, ...)">
                  </a> <!-- sanityTest(American Express Identity Defence, https://pguk-hx.ie1.qa2b.affiniongroup.com/?ref=UKAMXSTDFLT0001, ...) -->
                  <span class="method-name">sanityTest</span>
                  <span class="parameters">(American Express Identity Defence, https://pguk-hx.ie1.qa2b.affiniongroup.com/?ref=UKAMXSTDFLT0001, chrome, MRY@gmail.com, Password1, N)</span>
                  <div class="stack-trace">org.testng.SkipException: Skipping the test as the run mode is NO
	at base.BaseTest.checkRunmode(BaseTest.java:117)
	at testcases.SanityTest.sanityTest(SanityTest.java:140)
	at java.base/java.util.ArrayList.forEach(ArrayList.java:1511)
... Removed 25 stack frames
</div> <!-- stack-trace -->
                </div> <!-- method-content -->
              </div> <!-- method -->
              <div class="method">
                <div class="method-content">
                  <a name="sanityTest(Datapal Full UK, https://datapal-hx.ie1.qa2b.affiniongroup.com/?source=RyFRURvtWDMfB2zmae1yYA, chrom...)">
                  </a> <!-- sanityTest(Datapal Full UK, https://datapal-hx.ie1.qa2b.affiniongroup.com/?source=RyFRURvtWDMfB2zmae1yYA, chrom...) -->
                  <span class="method-name">sanityTest</span>
                  <span class="parameters">(Datapal Full UK, https://datapal-hx.ie1.qa2b.affiniongroup.com/?source=RyFRURvtWDMfB2zmae1yYA, chrome, dipti100@gmail.com, Password1, N)</span>
                  <div class="stack-trace">org.testng.SkipException: Skipping the test as the run mode is NO
	at base.BaseTest.checkRunmode(BaseTest.java:117)
	at testcases.SanityTest.sanityTest(SanityTest.java:153)
	at java.base/java.util.ArrayList.forEach(ArrayList.java:1511)
... Removed 25 stack frames
</div> <!-- stack-trace -->
                </div> <!-- method-content -->
              </div> <!-- method -->
              <div class="method">
                <div class="method-content">
                  <a name="sanityTest(Manage my credit, https://pguk-hx.ie1.qa2b.affiniongroup.com/?ref=UKAIHOMEPG0026, chrome, luke.emery...)">
                  </a> <!-- sanityTest(Manage my credit, https://pguk-hx.ie1.qa2b.affiniongroup.com/?ref=UKAIHOMEPG0026, chrome, luke.emery...) -->
                  <span class="method-name">sanityTest</span>
                  <span class="parameters">(Manage my credit, https://pguk-hx.ie1.qa2b.affiniongroup.com/?ref=UKAIHOMEPG0026, chrome, luke.emery@affinioninternational.com, Testing1, N)</span>
                  <div class="stack-trace">org.testng.SkipException: Skipping the test as the run mode is NO
	at base.BaseTest.checkRunmode(BaseTest.java:117)
	at testcases.SanityTest.sanityTest(SanityTest.java:87)
	at java.base/java.util.ArrayList.forEach(ArrayList.java:1511)
... Removed 25 stack frames
</div> <!-- stack-trace -->
                </div> <!-- method-content -->
              </div> <!-- method -->
              <div class="method">
                <div class="method-content">
                  <a name="sanityTest(Ocioneo, https://ltes-hx.ie1.qa2b.affiniongroup.com/?source=ncNie%2b3qHvccnGjRAX0tQw%3d%3d, chrome, ...)">
                  </a> <!-- sanityTest(Ocioneo, https://ltes-hx.ie1.qa2b.affiniongroup.com/?source=ncNie%2b3qHvccnGjRAX0tQw%3d%3d, chrome, ...) -->
                  <span class="method-name">sanityTest</span>
                  <span class="parameters">(Ocioneo, https://ltes-hx.ie1.qa2b.affiniongroup.com/?source=ncNie%2b3qHvccnGjRAX0tQw%3d%3d, chrome, diptifff@gmail.com, Password1, N)</span>
                  <div class="stack-trace">org.testng.SkipException: Skipping the test as the run mode is NO
	at base.BaseTest.checkRunmode(BaseTest.java:117)
	at testcases.SanityTest.sanityTest(SanityTest.java:225)
	at java.base/java.util.ArrayList.forEach(ArrayList.java:1511)
... Removed 25 stack frames
</div> <!-- stack-trace -->
                </div> <!-- method-content -->
              </div> <!-- method -->
              <div class="method">
                <div class="method-content">
                  <a name="sanityTest((Vanquis) Credit Tracker Identiy, https://pguk-hx.ie1.qa2b.affiniongroup.com/?source=OnSaHXM7BvXQ6mD...)">
                  </a> <!-- sanityTest((Vanquis) Credit Tracker Identiy, https://pguk-hx.ie1.qa2b.affiniongroup.com/?source=OnSaHXM7BvXQ6mD...) -->
                  <span class="method-name">sanityTest</span>
                  <span class="parameters">((Vanquis) Credit Tracker Identiy, https://pguk-hx.ie1.qa2b.affiniongroup.com/?source=OnSaHXM7BvXQ6mD37Zu3yQ==, chrome, ssltest@gmail.com, Password1, N)</span>
                  <div class="stack-trace">org.testng.SkipException: Skipping the test as the run mode is NO
	at base.BaseTest.checkRunmode(BaseTest.java:117)
	at testcases.SanityTest.sanityTest(SanityTest.java:114)
	at java.base/java.util.ArrayList.forEach(ArrayList.java:1511)
... Removed 25 stack frames
</div> <!-- stack-trace -->
                </div> <!-- method-content -->
              </div> <!-- method -->
              <div class="method">
                <div class="method-content">
                  <a name="sanityTest(My Credit Tracker, https://pguk-hx.ie1.qa2b.affiniongroup.com/?ref=UKGENSTDFLT0002, chrome, jennysto...)">
                  </a> <!-- sanityTest(My Credit Tracker, https://pguk-hx.ie1.qa2b.affiniongroup.com/?ref=UKGENSTDFLT0002, chrome, jennysto...) -->
                  <span class="method-name">sanityTest</span>
                  <span class="parameters">(My Credit Tracker, https://pguk-hx.ie1.qa2b.affiniongroup.com/?ref=UKGENSTDFLT0002, chrome, jennystork@gmail.com, Password1, N)</span>
                  <div class="stack-trace">org.testng.SkipException: Skipping the test as the run mode is NO
	at base.BaseTest.checkRunmode(BaseTest.java:117)
	at testcases.SanityTest.sanityTest(SanityTest.java:127)
	at java.base/java.util.ArrayList.forEach(ArrayList.java:1511)
... Removed 25 stack frames
</div> <!-- stack-trace -->
                </div> <!-- method-content -->
              </div> <!-- method -->
              <div class="method">
                <div class="method-content">
                  <a name="sanityTest(Identity Secure, https:///pguk-hx.ie1.qa2b.affiniongroup.com/?ref=UKLZ1STDFLT0002, chrome, diptipate...)">
                  </a> <!-- sanityTest(Identity Secure, https:///pguk-hx.ie1.qa2b.affiniongroup.com/?ref=UKLZ1STDFLT0002, chrome, diptipate...) -->
                  <span class="method-name">sanityTest</span>
                  <span class="parameters">(Identity Secure, https:///pguk-hx.ie1.qa2b.affiniongroup.com/?ref=UKLZ1STDFLT0002, chrome, diptipatel1608@gmail.com, Password1, N)</span>
                  <div class="stack-trace">org.testng.SkipException: Skipping the test as the run mode is NO
	at base.BaseTest.checkRunmode(BaseTest.java:117)
	at testcases.SanityTest.sanityTest(SanityTest.java:101)
	at java.base/java.util.ArrayList.forEach(ArrayList.java:1511)
... Removed 25 stack frames
</div> <!-- stack-trace -->
                </div> <!-- method-content -->
              </div> <!-- method -->
              <div class="method">
                <div class="method-content">
                  <a name="sanityTest(DisfrutayAhorra, https://ltes-hx.ie1.qa2b.affiniongroup.com/?source=SPAIHOMEPG0002, chrome,  jonsyx@...)">
                  </a> <!-- sanityTest(DisfrutayAhorra, https://ltes-hx.ie1.qa2b.affiniongroup.com/?source=SPAIHOMEPG0002, chrome,  jonsyx@...) -->
                  <span class="method-name">sanityTest</span>
                  <span class="parameters">(DisfrutayAhorra, https://ltes-hx.ie1.qa2b.affiniongroup.com/?source=SPAIHOMEPG0002, chrome,  jonsyx@gmail.com, Password1, N)</span>
                  <div class="stack-trace">org.testng.SkipException: Skipping the test as the run mode is NO
	at base.BaseTest.checkRunmode(BaseTest.java:117)
	at testcases.SanityTest.sanityTest(SanityTest.java:237)
	at java.base/java.util.ArrayList.forEach(ArrayList.java:1511)
... Removed 25 stack frames
</div> <!-- stack-trace -->
                </div> <!-- method-content -->
              </div> <!-- method -->
            </div> <!-- main-panel-content rounded-window-bottom -->
          </div> <!-- suite-Data_Driven_Test-class-skipped -->
          <div class="suite-Data_Driven_Test-class-passed">
            <div class="main-panel-header rounded-window-top">
              <img src="passed.png"/>
              <span class="class-name">testcases.SanityTest</span>
            </div> <!-- main-panel-header rounded-window-top -->
            <div class="main-panel-content rounded-window-bottom">
              <div class="method">
                <div class="method-content">
                  <a name="sanityTest(My Credit Monitor, https://pguk-hx.ie1.qa2b.affiniongroup.com/?source=rqkQ2GTcaKt64j+2BMdssg, chrome...)">
                  </a> <!-- sanityTest(My Credit Monitor, https://pguk-hx.ie1.qa2b.affiniongroup.com/?source=rqkQ2GTcaKt64j+2BMdssg, chrome...) -->
                  <span class="method-name">sanityTest</span>
                  <span class="parameters">(My Credit Monitor, https://pguk-hx.ie1.qa2b.affiniongroup.com/?source=rqkQ2GTcaKt64j+2BMdssg, chrome, dpatel@tavisca.com, Password1, Y)</span>
                </div> <!-- method-content -->
              </div> <!-- method -->
              <div class="method">
                <div class="method-content">
                  <a name="sanityTest(Disfrutamaspormenos (Leisure_Time)

, https://ltes-hx.ie1.qa2b.affiniongroup.com/?source=lPtTb0tIj/G...)">
                  </a> <!-- sanityTest(Disfrutamaspormenos (Leisure_Time)

, https://ltes-hx.ie1.qa2b.affiniongroup.com/?source=lPtTb0tIj/G...) -->
                  <span class="method-name">sanityTest</span>
                  <span class="parameters">(Disfrutamaspormenos (Leisure_Time)

, https://ltes-hx.ie1.qa2b.affiniongroup.com/?source=lPtTb0tIj/GNbW/U6munzg==, chrome, virtusa21@gmail.com, Password1, N)</span>
                </div> <!-- method-content -->
              </div> <!-- method -->
            </div> <!-- main-panel-content rounded-window-bottom -->
          </div> <!-- suite-Data_Driven_Test-class-passed -->
        </div> <!-- panel Data_Driven_Test -->
        <div panel-name="test-xml-Data_Driven_Test" class="panel">
          <div class="main-panel-header rounded-window-top">
            <span class="header-content">C:\HelixProj\src\test\resources\runner\testng.xml</span>
          </div> <!-- main-panel-header rounded-window-top -->
          <div class="main-panel-content rounded-window-bottom">
            <pre>
&lt;?xml version=&quot;1.0&quot; encoding=&quot;UTF-8&quot;?&gt;
&lt;!DOCTYPE suite SYSTEM &quot;https://testng.org/testng-1.0.dtd&quot;&gt;
&lt;suite name=&quot;Data Driven Test&quot; guice-stage=&quot;DEVELOPMENT&quot;&gt;
  &lt;listeners&gt;
    &lt;listener class-name=&quot;org.uncommons.reportng.HTMLReporter&quot;/&gt;
    &lt;listener class-name=&quot;extentlisteners.ExtentListeners&quot;/&gt;
    &lt;listener class-name=&quot;extentlisteners.CustomListeners&quot;/&gt;
  &lt;/listeners&gt;
  &lt;test thread-count=&quot;5&quot; name=&quot;Sanity Test&quot;&gt;
    &lt;classes&gt;
      &lt;class name=&quot;testcases.SanityTest&quot;/&gt;
    &lt;/classes&gt;
  &lt;/test&gt; &lt;!-- Sanity Test --&gt;
&lt;/suite&gt; &lt;!-- Data Driven Test --&gt;
            </pre>
          </div> <!-- main-panel-content rounded-window-bottom -->
        </div> <!-- panel -->
        <div panel-name="testlist-Data_Driven_Test" class="panel">
          <div class="main-panel-header rounded-window-top">
            <span class="header-content">Tests for Data Driven Test</span>
          </div> <!-- main-panel-header rounded-window-top -->
          <div class="main-panel-content rounded-window-bottom">
            <ul>
              <li>
                <span class="test-name">Sanity Test (1 class)</span>
              </li>
            </ul>
          </div> <!-- main-panel-content rounded-window-bottom -->
        </div> <!-- panel -->
        <div panel-name="group-Data_Driven_Test" class="panel">
          <div class="main-panel-header rounded-window-top">
            <span class="header-content">Groups for Data Driven Test</span>
          </div> <!-- main-panel-header rounded-window-top -->
          <div class="main-panel-content rounded-window-bottom">
          </div> <!-- main-panel-content rounded-window-bottom -->
        </div> <!-- panel -->
        <div panel-name="times-Data_Driven_Test" class="panel">
          <div class="main-panel-header rounded-window-top">
            <span class="header-content">Times for Data Driven Test</span>
          </div> <!-- main-panel-header rounded-window-top -->
          <div class="main-panel-content rounded-window-bottom">
            <div class="times-div">
              <script type="text/javascript">
suiteTableInitFunctions.push('tableData_Data_Driven_Test');
function tableData_Data_Driven_Test() {
var data = new google.visualization.DataTable();
data.addColumn('number', 'Number');
data.addColumn('string', 'Method');
data.addColumn('string', 'Class');
data.addColumn('number', 'Time (ms)');
data.addRows(15);
data.setCell(0, 0, 0)
data.setCell(0, 1, 'sanityTest')
data.setCell(0, 2, 'testcases.SanityTest')
data.setCell(0, 3, 882272);
data.setCell(1, 0, 1)
data.setCell(1, 1, 'sanityTest')
data.setCell(1, 2, 'testcases.SanityTest')
data.setCell(1, 3, 214031);
data.setCell(2, 0, 2)
data.setCell(2, 1, 'sanityTest')
data.setCell(2, 2, 'testcases.SanityTest')
data.setCell(2, 3, 2027);
data.setCell(3, 0, 3)
data.setCell(3, 1, 'sanityTest')
data.setCell(3, 2, 'testcases.SanityTest')
data.setCell(3, 3, 2026);
data.setCell(4, 0, 4)
data.setCell(4, 1, 'sanityTest')
data.setCell(4, 2, 'testcases.SanityTest')
data.setCell(4, 3, 2025);
data.setCell(5, 0, 5)
data.setCell(5, 1, 'sanityTest')
data.setCell(5, 2, 'testcases.SanityTest')
data.setCell(5, 3, 2020);
data.setCell(6, 0, 6)
data.setCell(6, 1, 'sanityTest')
data.setCell(6, 2, 'testcases.SanityTest')
data.setCell(6, 3, 2017);
data.setCell(7, 0, 7)
data.setCell(7, 1, 'sanityTest')
data.setCell(7, 2, 'testcases.SanityTest')
data.setCell(7, 3, 2016);
data.setCell(8, 0, 8)
data.setCell(8, 1, 'sanityTest')
data.setCell(8, 2, 'testcases.SanityTest')
data.setCell(8, 3, 2016);
data.setCell(9, 0, 9)
data.setCell(9, 1, 'sanityTest')
data.setCell(9, 2, 'testcases.SanityTest')
data.setCell(9, 3, 2015);
data.setCell(10, 0, 10)
data.setCell(10, 1, 'sanityTest')
data.setCell(10, 2, 'testcases.SanityTest')
data.setCell(10, 3, 2015);
data.setCell(11, 0, 11)
data.setCell(11, 1, 'sanityTest')
data.setCell(11, 2, 'testcases.SanityTest')
data.setCell(11, 3, 2012);
data.setCell(12, 0, 12)
data.setCell(12, 1, 'sanityTest')
data.setCell(12, 2, 'testcases.SanityTest')
data.setCell(12, 3, 2012);
data.setCell(13, 0, 13)
data.setCell(13, 1, 'sanityTest')
data.setCell(13, 2, 'testcases.SanityTest')
data.setCell(13, 3, 2011);
data.setCell(14, 0, 14)
data.setCell(14, 1, 'sanityTest')
data.setCell(14, 2, 'testcases.SanityTest')
data.setCell(14, 3, 2005);
window.suiteTableData['Data_Driven_Test']= { tableData: data, tableDiv: 'times-div-Data_Driven_Test'}
return data;
}
              </script>
              <span class="suite-total-time">Total running time: 18 minutes</span>
              <div id="times-div-Data_Driven_Test">
              </div> <!-- times-div-Data_Driven_Test -->
            </div> <!-- times-div -->
          </div> <!-- main-panel-content rounded-window-bottom -->
        </div> <!-- panel -->
        <div panel-name="reporter-Data_Driven_Test" class="panel">
          <div class="main-panel-header rounded-window-top">
            <span class="header-content">Reporter output for Data Driven Test</span>
          </div> <!-- main-panel-header rounded-window-top -->
          <div class="main-panel-content rounded-window-bottom">
            <div class="reporter-method-div">
              <span class="reporter-method-name">sanityTest(Datapal 1.5, https://datapal-hx.ie1.qa2b.affiniongroup.com/?source=dOWpy%2beeQY3IYNaEhm0ALw%3d%3d, c...)</span>
              <div class="reporter-method-output-div">
                <span class="reporter-method-output"><a href=Tue_Oct_04_11_13_30_IST_2022.jpg target="_blank">Screenshot link</a></span>
                <span class="reporter-method-output"><br></span>
                <span class="reporter-method-output"><a href=Tue_Oct_04_11_13_30_IST_2022.jpg target="_blank"><img src=Tue_Oct_04_11_13_30_IST_2022.jpg height=200 width=200></a></span>
              </div> <!-- reporter-method-output-div -->
            </div> <!-- reporter-method-div -->
          </div> <!-- main-panel-content rounded-window-bottom -->
        </div> <!-- panel -->
        <div panel-name="ignored-methods-Data_Driven_Test" class="panel">
          <div class="main-panel-header rounded-window-top">
            <span class="header-content">0 ignored methods</span>
          </div> <!-- main-panel-header rounded-window-top -->
          <div class="main-panel-content rounded-window-bottom">
          </div> <!-- main-panel-content rounded-window-bottom -->
        </div> <!-- panel -->
        <div panel-name="chronological-Data_Driven_Test" class="panel">
          <div class="main-panel-header rounded-window-top">
            <span class="header-content">Methods in chronological order</span>
          </div> <!-- main-panel-header rounded-window-top -->
          <div class="main-panel-content rounded-window-bottom">
            <div class="chronological-class">
              <div class="chronological-class-name">testcases.SanityTest</div> <!-- chronological-class-name -->
              <div class="test-method">
                <span class="method-name">sanityTest(My Credit Monitor, https://pguk-hx.ie1.qa2b.affiniongroup.com/?source=rqkQ2GTcaKt64j+2BMdssg, chrome...)</span>
                <span class="method-start">0 ms</span>
              </div> <!-- test-method -->
              <div class="configuration-method after">
                <span class="method-name">tearDown</span>
                <span class="method-start">882397 ms</span>
              </div> <!-- configuration-method after -->
              <div class="test-method">
                <span class="method-name">sanityTest(Privacy Guard UK, https://pguk-hx.ie1.qa2b.affiniongroup.com/?source=jC7IAYwrzsRyfyw34Q8u6w==, chrom...)</span>
                <span class="method-start">882548 ms</span>
              </div> <!-- test-method -->
              <div class="configuration-method after">
                <span class="method-name">tearDown</span>
                <span class="method-start">884564 ms</span>
              </div> <!-- configuration-method after -->
              <div class="test-method">
                <span class="method-name">sanityTest(Manage my credit, https://pguk-hx.ie1.qa2b.affiniongroup.com/?ref=UKAIHOMEPG0026, chrome, luke.emery...)</span>
                <span class="method-start">884567 ms</span>
              </div> <!-- test-method -->
              <div class="configuration-method after">
                <span class="method-name">tearDown</span>
                <span class="method-start">886584 ms</span>
              </div> <!-- configuration-method after -->
              <div class="test-method">
                <span class="method-name">sanityTest(Identity Secure, https:///pguk-hx.ie1.qa2b.affiniongroup.com/?ref=UKLZ1STDFLT0002, chrome, diptipate...)</span>
                <span class="method-start">886592 ms</span>
              </div> <!-- test-method -->
              <div class="configuration-method after">
                <span class="method-name">tearDown</span>
                <span class="method-start">888629 ms</span>
              </div> <!-- configuration-method after -->
              <div class="test-method">
                <span class="method-name">sanityTest((Vanquis) Credit Tracker Identiy, https://pguk-hx.ie1.qa2b.affiniongroup.com/?source=OnSaHXM7BvXQ6mD...)</span>
                <span class="method-start">888634 ms</span>
              </div> <!-- test-method -->
              <div class="configuration-method after">
                <span class="method-name">tearDown</span>
                <span class="method-start">890664 ms</span>
              </div> <!-- configuration-method after -->
              <div class="test-method">
                <span class="method-name">sanityTest(My Credit Tracker, https://pguk-hx.ie1.qa2b.affiniongroup.com/?ref=UKGENSTDFLT0002, chrome, jennysto...)</span>
                <span class="method-start">890667 ms</span>
              </div> <!-- test-method -->
              <div class="configuration-method after">
                <span class="method-name">tearDown</span>
                <span class="method-start">892698 ms</span>
              </div> <!-- configuration-method after -->
              <div class="test-method">
                <span class="method-name">sanityTest(American Express Identity Defence, https://pguk-hx.ie1.qa2b.affiniongroup.com/?ref=UKAMXSTDFLT0001, ...)</span>
                <span class="method-start">892704 ms</span>
              </div> <!-- test-method -->
              <div class="configuration-method after">
                <span class="method-name">tearDown</span>
                <span class="method-start">894724 ms</span>
              </div> <!-- configuration-method after -->
              <div class="test-method">
                <span class="method-name">sanityTest(Datapal Full UK, https://datapal-hx.ie1.qa2b.affiniongroup.com/?source=RyFRURvtWDMfB2zmae1yYA, chrom...)</span>
                <span class="method-start">894731 ms</span>
              </div> <!-- test-method -->
              <div class="configuration-method after">
                <span class="method-name">tearDown</span>
                <span class="method-start">896756 ms</span>
              </div> <!-- configuration-method after -->
              <div class="test-method">
                <span class="method-name">sanityTest(SENTINELGOLD, https://pcpai2-hx.ie1.qa2b.affiniongroup.com/?ref=UKGENHOMEPG0002, chrome, excapone, P...)</span>
                <span class="method-start">896763 ms</span>
              </div> <!-- test-method -->
              <div class="configuration-method after">
                <span class="method-name">tearDown</span>
                <span class="method-start">898789 ms</span>
              </div> <!-- configuration-method after -->
              <div class="test-method">
                <span class="method-name">sanityTest(Ocioneo, https://ltes-hx.ie1.qa2b.affiniongroup.com/?source=ncNie%2b3qHvccnGjRAX0tQw%3d%3d, chrome, ...)</span>
                <span class="method-start">898795 ms</span>
              </div> <!-- test-method -->
              <div class="configuration-method after">
                <span class="method-name">tearDown</span>
                <span class="method-start">900831 ms</span>
              </div> <!-- configuration-method after -->
              <div class="test-method">
                <span class="method-name">sanityTest(DisfrutayAhorra, https://ltes-hx.ie1.qa2b.affiniongroup.com/?source=SPAIHOMEPG0002, chrome,  jonsyx@...)</span>
                <span class="method-start">900835 ms</span>
              </div> <!-- test-method -->
              <div class="configuration-method after">
                <span class="method-name">tearDown</span>
                <span class="method-start">902860 ms</span>
              </div> <!-- configuration-method after -->
              <div class="test-method">
                <span class="method-name">sanityTest(Disfrutamaspormenos (Leisure_Time)

, https://ltes-hx.ie1.qa2b.affiniongroup.com/?source=lPtTb0tIj/G...)</span>
                <span class="method-start">902864 ms</span>
              </div> <!-- test-method -->
              <div class="configuration-method after">
                <span class="method-name">tearDown</span>
                <span class="method-start">904887 ms</span>
              </div> <!-- configuration-method after -->
              <div class="test-method">
                <span class="method-name">sanityTest(Uniqa, https://datapal-hx.ie1.qa2b.affiniongroup.com/?source=5pMjpH9vUrCEH3Pzz7h3pw%3d%3d, chrome, v...)</span>
                <span class="method-start">904894 ms</span>
              </div> <!-- test-method -->
              <div class="configuration-method after">
                <span class="method-name">tearDown</span>
                <span class="method-start">906922 ms</span>
              </div> <!-- configuration-method after -->
              <div class="test-method">
                <img src="failed.png">
                </img>
                <span class="method-name">sanityTest(Datapal 1.5, https://datapal-hx.ie1.qa2b.affiniongroup.com/?source=dOWpy%2beeQY3IYNaEhm0ALw%3d%3d, c...)</span>
                <span class="method-start">906928 ms</span>
              </div> <!-- test-method -->
              <div class="configuration-method after">
                <span class="method-name">tearDown</span>
                <span class="method-start">1121158 ms</span>
              </div> <!-- configuration-method after -->
              <div class="test-method">
                <span class="method-name">sanityTest(Datapal MobilComm, https://datapal-hx.ie1.qa2b.affiniongroup.com/?source=0d45fzIFeiz988jywCckPg%3d%3...)</span>
                <span class="method-start">1121310 ms</span>
              </div> <!-- test-method -->
              <div class="configuration-method after">
                <span class="method-name">tearDown</span>
                <span class="method-start">1123333 ms</span>
              </div> <!-- configuration-method after -->
          </div> <!-- main-panel-content rounded-window-bottom -->
        </div> <!-- panel -->
      </div> <!-- main-panel-root -->
    </div> <!-- wrapper -->
  </body>
<script type="text/javascript" src="testng-reports2.js"></script>
</html>
