<?xml version="1.0" encoding="UTF-8"?>
<!-- Generated by org.testng.reporters.JUnitReportReporter -->
<testsuite skipped="23" hostname="ISIPL-PUNV-L384" name="testcases.PreProd1BTest" tests="67" failures="2" timestamp="2022-10-10T12:00:47 IST" time="704.971" errors="0">
  <testcase name="preProd1bTest" time="14.071" classname="testcases.PreProd1BTest"/>
  <system-out/>
  <testcase name="preProd1bTest" time="18.751" classname="testcases.PreProd1BTest"/>
  <system-out/>
  <testcase name="preProd1bTest" time="0.002" classname="testcases.PreProd1BTest">
    <skipped/>
  </testcase> <!-- preProd1bTest -->
  <system-out/>
  <testcase name="preProd1bTest" time="0.002" classname="testcases.PreProd1BTest">
    <skipped/>
  </testcase> <!-- preProd1bTest -->
  <system-out/>
  <testcase name="preProd1bTest" time="0.002" classname="testcases.PreProd1BTest">
    <skipped/>
  </testcase> <!-- preProd1bTest -->
  <system-out/>
  <testcase name="preProd1bTest" time="17.177" classname="testcases.PreProd1BTest"/>
  <system-out/>
  <testcase name="preProd1bTest" time="0.003" classname="testcases.PreProd1BTest">
    <skipped/>
  </testcase> <!-- preProd1bTest -->
  <system-out/>
  <testcase name="preProd1bTest" time="0.002" classname="testcases.PreProd1BTest">
    <skipped/>
  </testcase> <!-- preProd1bTest -->
  <system-out/>
  <testcase name="preProd1bTest" time="16.523" classname="testcases.PreProd1BTest"/>
  <system-out/>
  <testcase name="preProd1bTest" time="11.773" classname="testcases.PreProd1BTest"/>
  <system-out/>
  <testcase name="preProd1bTest" time="15.186" classname="testcases.PreProd1BTest"/>
  <system-out/>
  <testcase name="preProd1bTest" time="13.569" classname="testcases.PreProd1BTest"/>
  <system-out/>
  <testcase name="preProd1bTest" time="0.002" classname="testcases.PreProd1BTest">
    <skipped/>
  </testcase> <!-- preProd1bTest -->
  <system-out/>
  <testcase name="preProd1bTest" time="12.177" classname="testcases.PreProd1BTest"/>
  <system-out/>
  <testcase name="preProd1bTest" time="0.003" classname="testcases.PreProd1BTest">
    <skipped/>
  </testcase> <!-- preProd1bTest -->
  <system-out/>
  <testcase name="preProd1bTest" time="0.002" classname="testcases.PreProd1BTest">
    <skipped/>
  </testcase> <!-- preProd1bTest -->
  <system-out/>
  <testcase name="preProd1bTest" time="11.196" classname="testcases.PreProd1BTest"/>
  <system-out/>
  <testcase name="preProd1bTest" time="15.509" classname="testcases.PreProd1BTest"/>
  <system-out/>
  <testcase name="preProd1bTest" time="0.002" classname="testcases.PreProd1BTest">
    <skipped/>
  </testcase> <!-- preProd1bTest -->
  <system-out/>
  <testcase name="preProd1bTest" time="21.570" classname="testcases.PreProd1BTest"/>
  <system-out/>
  <testcase name="preProd1bTest" time="23.275" classname="testcases.PreProd1BTest"/>
  <system-out/>
  <testcase name="preProd1bTest" time="11.426" classname="testcases.PreProd1BTest"/>
  <system-out/>
  <testcase name="preProd1bTest" time="9.144" classname="testcases.PreProd1BTest"/>
  <system-out/>
  <testcase name="preProd1bTest" time="0.003" classname="testcases.PreProd1BTest">
    <skipped/>
  </testcase> <!-- preProd1bTest -->
  <system-out/>
  <testcase name="preProd1bTest" time="0.004" classname="testcases.PreProd1BTest">
    <skipped/>
  </testcase> <!-- preProd1bTest -->
  <system-out/>
  <testcase name="preProd1bTest" time="14.547" classname="testcases.PreProd1BTest"/>
  <system-out/>
  <testcase name="preProd1bTest" time="0.003" classname="testcases.PreProd1BTest">
    <skipped/>
  </testcase> <!-- preProd1bTest -->
  <system-out/>
  <testcase name="preProd1bTest" time="0.005" classname="testcases.PreProd1BTest">
    <skipped/>
  </testcase> <!-- preProd1bTest -->
  <system-out/>
  <testcase name="preProd1bTest" time="18.028" classname="testcases.PreProd1BTest"/>
  <system-out/>
  <testcase name="preProd1bTest" time="15.469" classname="testcases.PreProd1BTest"/>
  <system-out/>
  <testcase name="preProd1bTest" time="16.674" classname="testcases.PreProd1BTest"/>
  <system-out/>
  <testcase name="preProd1bTest" time="12.732" classname="testcases.PreProd1BTest"/>
  <system-out/>
  <testcase name="preProd1bTest" time="17.543" classname="testcases.PreProd1BTest"/>
  <system-out/>
  <testcase name="preProd1bTest" time="0.003" classname="testcases.PreProd1BTest">
    <skipped/>
  </testcase> <!-- preProd1bTest -->
  <system-out/>
  <testcase name="preProd1bTest" time="24.542" classname="testcases.PreProd1BTest"/>
  <system-out/>
  <testcase name="preProd1bTest" time="0.005" classname="testcases.PreProd1BTest">
    <skipped/>
  </testcase> <!-- preProd1bTest -->
  <system-out/>
  <testcase name="preProd1bTest" time="11.723" classname="testcases.PreProd1BTest"/>
  <system-out/>
  <testcase name="preProd1bTest" time="42.013" classname="testcases.PreProd1BTest"/>
  <system-out/>
  <testcase name="preProd1bTest" time="15.062" classname="testcases.PreProd1BTest">
    <failure type="java.lang.AssertionError" message="The following asserts failed:
	expected [DataPal, internette bilgilerinizi koruman?n ak?ll? yolu... - Datapal Turkey] but found [DataPal, internette bilgilerinizi korumanın akıllı yolu... - Datapal Turkey]">
      <![CDATA[java.lang.AssertionError: The following asserts failed:
expected [DataPal, internette bilgilerinizi koruman?n ak?ll? yolu... - Datapal Turkey] but found [DataPal, internette bilgilerinizi korumanın akıllı yolu... - Datapal Turkey]
at org.testng.asserts.SoftAssert.assertAll(SoftAssert.java:47)
at org.testng.asserts.SoftAssert.assertAll(SoftAssert.java:31)
at base.BaseTest.checkSoftAsserEqual(BaseTest.java:130)
at testcases.PreProd1BTest.preProd1bTest(PreProd1BTest.java:20)
at sun.reflect.GeneratedMethodAccessor8.invoke(Unknown Source)
at sun.reflect.DelegatingMethodAccessorImpl.invoke(DelegatingMethodAccessorImpl.java:43)
at java.lang.reflect.Method.invoke(Method.java:498)
at org.testng.internal.MethodInvocationHelper.invokeMethod(MethodInvocationHelper.java:133)
at org.testng.internal.TestInvoker.invokeMethod(TestInvoker.java:598)
at org.testng.internal.TestInvoker.invokeTestMethod(TestInvoker.java:173)
at org.testng.internal.MethodRunner.runInSequence(MethodRunner.java:46)
at org.testng.internal.TestInvoker$MethodInvocationAgent.invoke(TestInvoker.java:824)
at org.testng.internal.TestInvoker.invokeTestMethods(TestInvoker.java:146)
at org.testng.internal.TestMethodWorker.invokeTestMethods(TestMethodWorker.java:146)
at org.testng.internal.TestMethodWorker.run(TestMethodWorker.java:128)
at java.util.ArrayList.forEach(ArrayList.java:1257)
at org.testng.TestRunner.privateRun(TestRunner.java:794)
at org.testng.TestRunner.run(TestRunner.java:596)
at org.testng.SuiteRunner.runTest(SuiteRunner.java:377)
at org.testng.SuiteRunner.runSequentially(SuiteRunner.java:371)
at org.testng.SuiteRunner.privateRun(SuiteRunner.java:332)
at org.testng.SuiteRunner.run(SuiteRunner.java:276)
at org.testng.SuiteRunnerWorker.runSuite(SuiteRunnerWorker.java:53)
at org.testng.SuiteRunnerWorker.run(SuiteRunnerWorker.java:96)
at org.testng.TestNG.runSuitesSequentially(TestNG.java:1212)
at org.testng.TestNG.runSuitesLocally(TestNG.java:1134)
at org.testng.TestNG.runSuites(TestNG.java:1063)
at org.testng.TestNG.run(TestNG.java:1031)
at org.testng.remote.AbstractRemoteTestNG.run(AbstractRemoteTestNG.java:115)
at org.testng.remote.RemoteTestNG.initAndRun(RemoteTestNG.java:251)
at org.testng.remote.RemoteTestNG.main(RemoteTestNG.java:77)
]]>
    </failure>
  </testcase> <!-- preProd1bTest -->
  <system-out/>
  <testcase name="preProd1bTest" time="14.793" classname="testcases.PreProd1BTest"/>
  <system-out/>
  <testcase name="preProd1bTest" time="22.983" classname="testcases.PreProd1BTest"/>
  <system-out/>
  <testcase name="preProd1bTest" time="15.775" classname="testcases.PreProd1BTest"/>
  <system-out/>
  <testcase name="preProd1bTest" time="0.003" classname="testcases.PreProd1BTest">
    <skipped/>
  </testcase> <!-- preProd1bTest -->
  <system-out/>
  <testcase name="preProd1bTest" time="20.157" classname="testcases.PreProd1BTest">
    <failure type="java.lang.AssertionError" message="The following asserts failed:
	expected [Homeddf] but found [Home]">
      <![CDATA[java.lang.AssertionError: The following asserts failed:
expected [Homeddf] but found [Home]
at org.testng.asserts.SoftAssert.assertAll(SoftAssert.java:47)
at org.testng.asserts.SoftAssert.assertAll(SoftAssert.java:31)
at base.BaseTest.checkSoftAsserEqual(BaseTest.java:130)
at testcases.PreProd1BTest.preProd1bTest(PreProd1BTest.java:20)
at sun.reflect.NativeMethodAccessorImpl.invoke0(Native Method)
at sun.reflect.NativeMethodAccessorImpl.invoke(NativeMethodAccessorImpl.java:62)
at sun.reflect.DelegatingMethodAccessorImpl.invoke(DelegatingMethodAccessorImpl.java:43)
at java.lang.reflect.Method.invoke(Method.java:498)
at org.testng.internal.MethodInvocationHelper.invokeMethod(MethodInvocationHelper.java:133)
at org.testng.internal.TestInvoker.invokeMethod(TestInvoker.java:598)
at org.testng.internal.TestInvoker.invokeTestMethod(TestInvoker.java:173)
at org.testng.internal.MethodRunner.runInSequence(MethodRunner.java:46)
at org.testng.internal.TestInvoker$MethodInvocationAgent.invoke(TestInvoker.java:824)
at org.testng.internal.TestInvoker.invokeTestMethods(TestInvoker.java:146)
at org.testng.internal.TestMethodWorker.invokeTestMethods(TestMethodWorker.java:146)
at org.testng.internal.TestMethodWorker.run(TestMethodWorker.java:128)
at java.util.ArrayList.forEach(ArrayList.java:1257)
at org.testng.TestRunner.privateRun(TestRunner.java:794)
at org.testng.TestRunner.run(TestRunner.java:596)
at org.testng.SuiteRunner.runTest(SuiteRunner.java:377)
at org.testng.SuiteRunner.runSequentially(SuiteRunner.java:371)
at org.testng.SuiteRunner.privateRun(SuiteRunner.java:332)
at org.testng.SuiteRunner.run(SuiteRunner.java:276)
at org.testng.SuiteRunnerWorker.runSuite(SuiteRunnerWorker.java:53)
at org.testng.SuiteRunnerWorker.run(SuiteRunnerWorker.java:96)
at org.testng.TestNG.runSuitesSequentially(TestNG.java:1212)
at org.testng.TestNG.runSuitesLocally(TestNG.java:1134)
at org.testng.TestNG.runSuites(TestNG.java:1063)
at org.testng.TestNG.run(TestNG.java:1031)
at org.testng.remote.AbstractRemoteTestNG.run(AbstractRemoteTestNG.java:115)
at org.testng.remote.RemoteTestNG.initAndRun(RemoteTestNG.java:251)
at org.testng.remote.RemoteTestNG.main(RemoteTestNG.java:77)
]]>
    </failure>
  </testcase> <!-- preProd1bTest -->
  <system-out/>
  <testcase name="preProd1bTest" time="0.004" classname="testcases.PreProd1BTest">
    <skipped/>
  </testcase> <!-- preProd1bTest -->
  <system-out/>
  <testcase name="preProd1bTest" time="14.967" classname="testcases.PreProd1BTest"/>
  <system-out/>
  <testcase name="preProd1bTest" time="0.001" classname="testcases.PreProd1BTest">
    <skipped/>
  </testcase> <!-- preProd1bTest -->
  <system-out/>
  <testcase name="preProd1bTest" time="12.972" classname="testcases.PreProd1BTest"/>
  <system-out/>
  <testcase name="preProd1bTest" time="0.001" classname="testcases.PreProd1BTest">
    <skipped/>
  </testcase> <!-- preProd1bTest -->
  <system-out/>
  <testcase name="preProd1bTest" time="15.539" classname="testcases.PreProd1BTest"/>
  <system-out/>
  <testcase name="preProd1bTest" time="19.219" classname="testcases.PreProd1BTest"/>
  <system-out/>
  <testcase name="preProd1bTest" time="13.652" classname="testcases.PreProd1BTest"/>
  <system-out/>
  <testcase name="preProd1bTest" time="14.502" classname="testcases.PreProd1BTest"/>
  <system-out/>
  <testcase name="preProd1bTest" time="13.598" classname="testcases.PreProd1BTest"/>
  <system-out/>
  <testcase name="preProd1bTest" time="18.699" classname="testcases.PreProd1BTest"/>
  <system-out/>
  <testcase name="preProd1bTest" time="2.023" classname="testcases.PreProd1BTest"/>
  <system-out/>
  <testcase name="preProd1bTest" time="15.689" classname="testcases.PreProd1BTest"/>
  <system-out/>
  <testcase name="preProd1bTest" time="13.314" classname="testcases.PreProd1BTest"/>
  <system-out/>
  <testcase name="preProd1bTest" time="14.877" classname="testcases.PreProd1BTest"/>
  <system-out/>
  <testcase name="preProd1bTest" time="0.003" classname="testcases.PreProd1BTest">
    <skipped/>
  </testcase> <!-- preProd1bTest -->
  <system-out/>
  <testcase name="preProd1bTest" time="0.002" classname="testcases.PreProd1BTest">
    <skipped/>
  </testcase> <!-- preProd1bTest -->
  <system-out/>
  <testcase name="preProd1bTest" time="18.974" classname="testcases.PreProd1BTest"/>
  <system-out/>
  <testcase name="preProd1bTest" time="0.003" classname="testcases.PreProd1BTest">
    <skipped/>
  </testcase> <!-- preProd1bTest -->
  <system-out/>
  <testcase name="preProd1bTest" time="13.714" classname="testcases.PreProd1BTest"/>
  <system-out/>
  <testcase name="preProd1bTest" time="11.982" classname="testcases.PreProd1BTest"/>
  <system-out/>
  <testcase name="preProd1bTest" time="0.003" classname="testcases.PreProd1BTest">
    <skipped/>
  </testcase> <!-- preProd1bTest -->
  <system-out/>
  <testcase name="preProd1bTest" time="17.799" classname="testcases.PreProd1BTest"/>
  <system-out/>
</testsuite> <!-- testcases.PreProd1BTest -->
